[2025-12-24 23:57:04] Starting training with 10 epochs
[2025-12-24 23:57:04] Output directory: results/training_cpu_20251224_235655
[2025-12-24 23:57:04] Device: cpu
[2025-12-24 23:57:04] Learning rate: 0.0001
[2025-12-24 23:57:04] Batch size: 16
[2025-12-24 23:57:04] Prompts: ['Generate a peptide with high binding affinity and low toxicity', 'Generate a stable peptide with long half-life', 'Generate a balanced peptide optimizing binding, toxicity, and half-life']
[2025-12-24 23:57:04] Epoch 1/10: Sampling peptides...
[2025-12-25 00:06:44] Scoring peptides with predictors...
[2025-12-25 00:06:44] Training on 56 comparisons in 4 batches...
[2025-12-25 00:06:45] Epoch 1/10 completed: Average Loss: 2.6028, Time: 581.21s
[2025-12-25 00:06:45] Computing preference score distribution at epoch 1...
[2025-12-25 00:26:44] Epoch 2/10: Sampling peptides...
[2025-12-25 00:36:26] Scoring peptides with predictors...
[2025-12-25 00:36:26] Training on 56 comparisons in 4 batches...
[2025-12-25 00:36:27] Epoch 2/10 completed: Average Loss: 2.5436, Time: 582.98s
[2025-12-25 00:36:27] Epoch 3/10: Sampling peptides...
[2025-12-25 00:46:06] Scoring peptides with predictors...
[2025-12-25 00:46:06] Training on 56 comparisons in 4 batches...
[2025-12-25 00:46:08] Epoch 3/10 completed: Average Loss: 2.5200, Time: 580.30s
[2025-12-25 00:46:08] Computing preference score distribution at epoch 3...
[2025-12-25 01:06:10] Epoch 4/10: Sampling peptides...
[2025-12-25 01:15:47] Scoring peptides with predictors...
[2025-12-25 01:15:47] Training on 56 comparisons in 4 batches...
[2025-12-25 01:15:48] Epoch 4/10 completed: Average Loss: 2.4734, Time: 578.06s
[2025-12-25 01:15:49] Epoch 5/10: Sampling peptides...
[2025-12-25 01:25:27] Scoring peptides with predictors...
[2025-12-25 01:25:27] Training on 56 comparisons in 4 batches...
[2025-12-25 01:25:28] Epoch 5/10 completed: Average Loss: 2.4262, Time: 579.55s
[2025-12-25 01:25:28] Computing preference score distribution at epoch 5...
[2025-12-25 01:45:34] Epoch 6/10: Sampling peptides...
[2025-12-25 01:55:11] Scoring peptides with predictors...
[2025-12-25 01:55:11] Training on 56 comparisons in 4 batches...
[2025-12-25 01:55:12] Epoch 6/10 completed: Average Loss: 2.3830, Time: 577.99s
[2025-12-25 01:55:12] Epoch 7/10: Sampling peptides...
[2025-12-25 02:04:55] Scoring peptides with predictors...
[2025-12-25 02:04:55] Training on 55 comparisons in 4 batches...
[2025-12-25 02:04:56] Epoch 7/10 completed: Average Loss: 2.3433, Time: 583.92s
[2025-12-25 02:04:56] Computing preference score distribution at epoch 7...
[2025-12-25 02:25:02] Epoch 8/10: Sampling peptides...
[2025-12-25 02:34:38] Scoring peptides with predictors...
[2025-12-25 02:34:38] Training on 56 comparisons in 4 batches...
[2025-12-25 02:34:40] Epoch 8/10 completed: Average Loss: 2.2972, Time: 577.46s
[2025-12-25 02:34:40] Epoch 9/10: Sampling peptides...
[2025-12-25 02:44:23] Scoring peptides with predictors...
[2025-12-25 02:44:23] Training on 56 comparisons in 4 batches...
[2025-12-25 02:44:24] Epoch 9/10 completed: Average Loss: 2.2585, Time: 584.47s
[2025-12-25 02:44:24] Computing preference score distribution at epoch 9...
[2025-12-25 03:04:27] Epoch 10/10: Sampling peptides...
[2025-12-25 03:14:10] Scoring peptides with predictors...
[2025-12-25 03:14:10] Training on 56 comparisons in 4 batches...
[2025-12-25 03:14:12] Epoch 10/10 completed: Average Loss: 2.2194, Time: 584.53s
[2025-12-25 03:14:12] Computing preference score distribution at epoch 10...
[2025-12-25 03:34:17] Training completed in 13033.24s (217.22 minutes)
[2025-12-25 03:34:17] Creating comprehensive training visualization...
[2025-12-25 03:34:18] Evaluating model on test prompts...
[2025-12-25 03:34:18] Evaluating on prompt: Generate a peptide with high binding affinity and low toxicity
[2025-12-25 03:42:11] Evaluating on prompt: Generate a stable peptide with long half-life
[2025-12-25 03:50:05] Evaluating on prompt: Generate a balanced peptide optimizing binding, toxicity, and half-life
